<?xml version="1.0" encoding="UTF-8" ?>
<testsuite tests="1" failures="0" name="org.example.AppTest" time="0.001" errors="0" skipped="0">
  <properties>
    <property name="idea.version" value="2022.2.3"/>
    <property name="java.runtime.name" value="OpenJDK Runtime Environment"/>
    <property name="sun.boot.library.path" value="/Users/zhaoxiaoxuan/Downloads/zulu8.66.0.15-ca-jdk8.0.352-macosx_aarch64/zulu-8.jdk/Contents/Home/jre/lib"/>
    <property name="java.vm.version" value="25.352-b08"/>
    <property name="gopherProxySet" value="false"/>
    <property name="jdk.vendor.version" value="Zulu 8.66.0.15-CA-macos-aarch64"/>
    <property name="java.vm.vendor" value="Azul Systems, Inc."/>
    <property name="maven.multiModuleProjectDirectory" value="/Users/zhaoxiaoxuan/Downloads/svn-datd/datd/03 测试类/99 测试工具/aggrate_ipsegment/aggrate_ipsegment_tools"/>
    <property name="java.vendor.url" value="http://www.azul.com/"/>
    <property name="path.separator" value=":"/>
    <property name="guice.disable.misplaced.annotation.check" value="true"/>
    <property name="java.vm.name" value="OpenJDK 64-Bit Server VM"/>
    <property name="file.encoding.pkg" value="sun.io"/>
    <property name="user.country" value="CN"/>
    <property name="sun.java.launcher" value="SUN_STANDARD"/>
    <property name="sun.os.patch.level" value="unknown"/>
    <property name="java.vm.specification.name" value="Java Virtual Machine Specification"/>
    <property name="user.dir" value="/Users/zhaoxiaoxuan/Downloads/svn-datd/datd/03 测试类/99 测试工具/aggrate_ipsegment/aggrate_ipsegment_tools"/>
    <property name="java.runtime.version" value="1.8.0_352-b08"/>
    <property name="java.awt.graphicsenv" value="sun.awt.CGraphicsEnvironment"/>
    <property name="java.endorsed.dirs" value="/Users/zhaoxiaoxuan/Downloads/zulu8.66.0.15-ca-jdk8.0.352-macosx_aarch64/zulu-8.jdk/Contents/Home/jre/lib/endorsed"/>
    <property name="os.arch" value="aarch64"/>
    <property name="java.io.tmpdir" value="/var/folders/4b/5nswyh290jj7zn2bcy2mm4bh0000gn/T/"/>
    <property name="line.separator" value="
"/>
    <property name="socksProxyPort" value="7890"/>
    <property name="java.vm.specification.vendor" value="Oracle Corporation"/>
    <property name="https.proxyHost" value="127.0.0.1"/>
    <property name="os.name" value="Mac OS X"/>
    <property name="maven.ext.class.path" value="/Applications/IntelliJ IDEA.app/Contents/plugins/maven/lib/maven-event-listener.jar"/>
    <property name="classworlds.conf" value="/usr/local/maven/bin/m2.conf"/>
    <property name="sun.jnu.encoding" value="UTF-8"/>
    <property name="java.library.path" value="/Users/zhaoxiaoxuan/Library/Java/Extensions:/Library/Java/Extensions:/Network/Library/Java/Extensions:/System/Library/Java/Extensions:/usr/lib/java:."/>
    <property name="http.proxyPort" value="7890"/>
    <property name="java.specification.name" value="Java Platform API Specification"/>
    <property name="java.class.version" value="52.0"/>
    <property name="sun.management.compiler" value="HotSpot 64-Bit Tiered Compilers"/>
    <property name="maven.repo.local" value="/Users/zhaoxiaoxuan/.m2/repository"/>
    <property name="os.version" value="12.5"/>
    <property name="http.nonProxyHosts" value="192.168.0.0/16|*.192.168.0.0/16|10.0.0.0/8|*.10.0.0.0/8|172.16.0.0/12|*.172.16.0.0/12|127.0.0.1|localhost|*.localhost|local|*.local|timestamp.apple.com|*.timestamp.apple.com"/>
    <property name="user.home" value="/Users/zhaoxiaoxuan"/>
    <property name="user.timezone" value="Asia/Shanghai"/>
    <property name="java.awt.printerjob" value="sun.lwawt.macosx.CPrinterJob"/>
    <property name="java.specification.version" value="1.8"/>
    <property name="file.encoding" value="UTF-8"/>
    <property name="user.name" value="zhaoxiaoxuan"/>
    <property name="java.class.path" value="/usr/local/maven/boot/plexus-classworlds-2.5.2.jar:/Applications/IntelliJ IDEA.app/Contents/lib/idea_rt.jar"/>
    <property name="socksProxyHost" value="127.0.0.1"/>
    <property name="java.vm.specification.version" value="1.8"/>
    <property name="sun.arch.data.model" value="64"/>
    <property name="java.home" value="/Users/zhaoxiaoxuan/Downloads/zulu8.66.0.15-ca-jdk8.0.352-macosx_aarch64/zulu-8.jdk/Contents/Home/jre"/>
    <property name="sun.java.command" value="org.codehaus.classworlds.Launcher -Didea.version=2022.2.3 -s /usr/local/maven/conf/settings.xml -Dmaven.repo.local=/Users/zhaoxiaoxuan/.m2/repository install"/>
    <property name="java.specification.vendor" value="Oracle Corporation"/>
    <property name="user.language" value="zh"/>
    <property name="awt.toolkit" value="sun.lwawt.macosx.LWCToolkit"/>
    <property name="java.vm.info" value="mixed mode"/>
    <property name="java.version" value="1.8.0_352"/>
    <property name="java.ext.dirs" value="/Users/zhaoxiaoxuan/Library/Java/Extensions:/Users/zhaoxiaoxuan/Downloads/zulu8.66.0.15-ca-jdk8.0.352-macosx_aarch64/zulu-8.jdk/Contents/Home/jre/lib/ext:/Library/Java/Extensions:/Network/Library/Java/Extensions:/System/Library/Java/Extensions:/usr/lib/java"/>
    <property name="http.proxyHost" value="127.0.0.1"/>
    <property name="sun.boot.class.path" value="/Users/zhaoxiaoxuan/Downloads/zulu8.66.0.15-ca-jdk8.0.352-macosx_aarch64/zulu-8.jdk/Contents/Home/jre/lib/resources.jar:/Users/zhaoxiaoxuan/Downloads/zulu8.66.0.15-ca-jdk8.0.352-macosx_aarch64/zulu-8.jdk/Contents/Home/jre/lib/rt.jar:/Users/zhaoxiaoxuan/Downloads/zulu8.66.0.15-ca-jdk8.0.352-macosx_aarch64/zulu-8.jdk/Contents/Home/jre/lib/sunrsasign.jar:/Users/zhaoxiaoxuan/Downloads/zulu8.66.0.15-ca-jdk8.0.352-macosx_aarch64/zulu-8.jdk/Contents/Home/jre/lib/jsse.jar:/Users/zhaoxiaoxuan/Downloads/zulu8.66.0.15-ca-jdk8.0.352-macosx_aarch64/zulu-8.jdk/Contents/Home/jre/lib/jce.jar:/Users/zhaoxiaoxuan/Downloads/zulu8.66.0.15-ca-jdk8.0.352-macosx_aarch64/zulu-8.jdk/Contents/Home/jre/lib/charsets.jar:/Users/zhaoxiaoxuan/Downloads/zulu8.66.0.15-ca-jdk8.0.352-macosx_aarch64/zulu-8.jdk/Contents/Home/jre/lib/jfr.jar:/Users/zhaoxiaoxuan/Downloads/zulu8.66.0.15-ca-jdk8.0.352-macosx_aarch64/zulu-8.jdk/Contents/Home/jre/lib/cat.jar:/Users/zhaoxiaoxuan/Downloads/zulu8.66.0.15-ca-jdk8.0.352-macosx_aarch64/zulu-8.jdk/Contents/Home/jre/classes"/>
    <property name="java.vendor" value="Azul Systems, Inc."/>
    <property name="java.specification.maintenance.version" value="4"/>
    <property name="maven.home" value="/usr/local/maven"/>
    <property name="file.separator" value="/"/>
    <property name="java.vendor.url.bug" value="http://www.azul.com/support/"/>
    <property name="sun.cpu.endian" value="little"/>
    <property name="sun.io.unicode.encoding" value="UnicodeBig"/>
    <property name="https.proxyPort" value="7890"/>
    <property name="socksNonProxyHosts" value="192.168.0.0/16|*.192.168.0.0/16|10.0.0.0/8|*.10.0.0.0/8|172.16.0.0/12|*.172.16.0.0/12|127.0.0.1|localhost|*.localhost|local|*.local|timestamp.apple.com|*.timestamp.apple.com"/>
    <property name="ftp.nonProxyHosts" value="192.168.0.0/16|*.192.168.0.0/16|10.0.0.0/8|*.10.0.0.0/8|172.16.0.0/12|*.172.16.0.0/12|127.0.0.1|localhost|*.localhost|local|*.local|timestamp.apple.com|*.timestamp.apple.com"/>
    <property name="sun.cpu.isalist" value=""/>
  </properties>
  <testcase classname="org.example.AppTest" name="testApp" time="0.001"/>
</testsuite>